<?xml version="1.0" encoding="UTF-8"?>
<!-- Generated by org.testng.reporters.JUnitReportReporter -->
<testsuite skipped="3" hostname="LAPTOP-80PMDSTB" name="com.cosacs.TestCases.ScanningCorpUPC" tests="4" failures="0" timestamp="16 Mar 2021 11:30:03 GMT" time="2.588" errors="1">
  <testcase name="Stock_Count" time="0.000" classname="com.cosacs.TestCases.ScanningCorpUPC">
    <skipped/>
  </testcase> <!-- Stock_Count -->
  <testcase name="launchChrome" time="2.588" classname="com.cosacs.TestCases.ScanningCorpUPC">
    <error type="org.openqa.selenium.SessionNotCreatedException" message="session not created: This version of ChromeDriver only supports Chrome version 90
Current browser version is 89.0.4389.82 with binary path C:\Program Files (x86)\Google\Chrome\Application\chrome.exe
Build info: version: &#039;3.141.59&#039;, revision: &#039;e82be7d358&#039;, time: &#039;2018-11-14T08:17:03&#039;
System info: host: &#039;LAPTOP-80PMDSTB&#039;, ip: &#039;10.100.217.153&#039;, os.name: &#039;Windows 10&#039;, os.arch: &#039;amd64&#039;, os.version: &#039;10.0&#039;, java.version: &#039;1.8.0_241&#039;
Driver info: driver.version: ChromeDriver
remote stacktrace: Backtrace:
	Ordinal0 [0x0107C013+2474003]
	Ordinal0 [0x010129C1+2042305]
	Ordinal0 [0x00F22F68+1060712]
	Ordinal0 [0x00F4188E+1185934]
	Ordinal0 [0x00F3D600+1168896]
	Ordinal0 [0x00F3AA83+1157763]
	Ordinal0 [0x00F6A2A2+1352354]
	Ordinal0 [0x00F68FAA+1347498]
	Ordinal0 [0x00F666DB+1337051]
	Ordinal0 [0x00F43427+1192999]
	Ordinal0 [0x00F442EE+1196782]
	Ordinal0 [0x00F44279+1196665]
	GetHandleVerifier [0x012096FC+1590332]
	GetHandleVerifier [0x012B8614+2306900]
	GetHandleVerifier [0x01109E93+543699]
	GetHandleVerifier [0x011092CE+540686]
	Ordinal0 [0x010186BA+2066106]
	Ordinal0 [0x0101D1C8+2085320]
	Ordinal0 [0x0101D308+2085640]
	Ordinal0 [0x010267F3+2123763]
	BaseThreadInitThunk [0x773A0419+25]
	RtlGetAppContainerNamedObjectPath [0x7798662D+237]
	RtlGetAppContainerNamedObjectPath [0x779865FD+189]
">
      <![CDATA[org.openqa.selenium.SessionNotCreatedException: session not created: This version of ChromeDriver only supports Chrome version 90
Current browser version is 89.0.4389.82 with binary path C:\Program Files (x86)\Google\Chrome\Application\chrome.exe
Build info: version: '3.141.59', revision: 'e82be7d358', time: '2018-11-14T08:17:03'
System info: host: 'LAPTOP-80PMDSTB', ip: '10.100.217.153', os.name: 'Windows 10', os.arch: 'amd64', os.version: '10.0', java.version: '1.8.0_241'
Driver info: driver.version: ChromeDriver
remote stacktrace: Backtrace:
Ordinal0 [0x0107C013+2474003]
Ordinal0 [0x010129C1+2042305]
Ordinal0 [0x00F22F68+1060712]
Ordinal0 [0x00F4188E+1185934]
Ordinal0 [0x00F3D600+1168896]
Ordinal0 [0x00F3AA83+1157763]
Ordinal0 [0x00F6A2A2+1352354]
Ordinal0 [0x00F68FAA+1347498]
Ordinal0 [0x00F666DB+1337051]
Ordinal0 [0x00F43427+1192999]
Ordinal0 [0x00F442EE+1196782]
Ordinal0 [0x00F44279+1196665]
GetHandleVerifier [0x012096FC+1590332]
GetHandleVerifier [0x012B8614+2306900]
GetHandleVerifier [0x01109E93+543699]
GetHandleVerifier [0x011092CE+540686]
Ordinal0 [0x010186BA+2066106]
Ordinal0 [0x0101D1C8+2085320]
Ordinal0 [0x0101D308+2085640]
Ordinal0 [0x010267F3+2123763]
BaseThreadInitThunk [0x773A0419+25]
RtlGetAppContainerNamedObjectPath [0x7798662D+237]
RtlGetAppContainerNamedObjectPath [0x779865FD+189]

at sun.reflect.NativeConstructorAccessorImpl.newInstance0(Native Method)
at sun.reflect.NativeConstructorAccessorImpl.newInstance(Unknown Source)
at sun.reflect.DelegatingConstructorAccessorImpl.newInstance(Unknown Source)
at java.lang.reflect.Constructor.newInstance(Unknown Source)
at org.openqa.selenium.remote.W3CHandshakeResponse.lambda$errorHandler$0(W3CHandshakeResponse.java:62)
at org.openqa.selenium.remote.HandshakeResponse.lambda$getResponseFunction$0(HandshakeResponse.java:30)
at org.openqa.selenium.remote.ProtocolHandshake.lambda$createSession$0(ProtocolHandshake.java:126)
at java.util.stream.ReferencePipeline$3$1.accept(Unknown Source)
at java.util.Spliterators$ArraySpliterator.tryAdvance(Unknown Source)
at java.util.stream.ReferencePipeline.forEachWithCancel(Unknown Source)
at java.util.stream.AbstractPipeline.copyIntoWithCancel(Unknown Source)
at java.util.stream.AbstractPipeline.copyInto(Unknown Source)
at java.util.stream.AbstractPipeline.wrapAndCopyInto(Unknown Source)
at java.util.stream.FindOps$FindOp.evaluateSequential(Unknown Source)
at java.util.stream.AbstractPipeline.evaluate(Unknown Source)
at java.util.stream.ReferencePipeline.findFirst(Unknown Source)
at org.openqa.selenium.remote.ProtocolHandshake.createSession(ProtocolHandshake.java:128)
at org.openqa.selenium.remote.ProtocolHandshake.createSession(ProtocolHandshake.java:74)
at org.openqa.selenium.remote.HttpCommandExecutor.execute(HttpCommandExecutor.java:136)
at org.openqa.selenium.remote.service.DriverCommandExecutor.execute(DriverCommandExecutor.java:83)
at org.openqa.selenium.remote.RemoteWebDriver.execute(RemoteWebDriver.java:552)
at org.openqa.selenium.remote.RemoteWebDriver.startSession(RemoteWebDriver.java:213)
at org.openqa.selenium.remote.RemoteWebDriver.<init>(RemoteWebDriver.java:131)
at org.openqa.selenium.chrome.ChromeDriver.<init>(ChromeDriver.java:181)
at org.openqa.selenium.chrome.ChromeDriver.<init>(ChromeDriver.java:168)
at org.openqa.selenium.chrome.ChromeDriver.<init>(ChromeDriver.java:123)
at com.cosacs.PageObject.BaseClass.launchChrome(BaseClass.java:43)
at sun.reflect.NativeMethodAccessorImpl.invoke0(Native Method)
at sun.reflect.NativeMethodAccessorImpl.invoke(Unknown Source)
at sun.reflect.DelegatingMethodAccessorImpl.invoke(Unknown Source)
at java.lang.reflect.Method.invoke(Unknown Source)
at org.testng.internal.MethodInvocationHelper.invokeMethod(MethodInvocationHelper.java:124)
at org.testng.internal.MethodInvocationHelper.invokeMethodConsideringTimeout(MethodInvocationHelper.java:59)
at org.testng.internal.Invoker.invokeConfigurationMethod(Invoker.java:458)
at org.testng.internal.Invoker.invokeConfigurations(Invoker.java:222)
at org.testng.internal.Invoker.invokeConfigurations(Invoker.java:142)
at org.testng.internal.TestMethodWorker.invokeBeforeClassMethods(TestMethodWorker.java:168)
at org.testng.internal.TestMethodWorker.run(TestMethodWorker.java:105)
at org.testng.TestRunner.privateRun(TestRunner.java:648)
at org.testng.TestRunner.run(TestRunner.java:505)
at org.testng.SuiteRunner.runTest(SuiteRunner.java:455)
at org.testng.SuiteRunner.runSequentially(SuiteRunner.java:450)
at org.testng.SuiteRunner.privateRun(SuiteRunner.java:415)
at org.testng.SuiteRunner.run(SuiteRunner.java:364)
at org.testng.SuiteRunnerWorker.runSuite(SuiteRunnerWorker.java:52)
at org.testng.SuiteRunnerWorker.run(SuiteRunnerWorker.java:84)
at org.testng.TestNG.runSuitesSequentially(TestNG.java:1208)
at org.testng.TestNG.runSuitesLocally(TestNG.java:1137)
at org.testng.TestNG.runSuites(TestNG.java:1049)
at org.testng.TestNG.run(TestNG.java:1017)
at org.testng.remote.AbstractRemoteTestNG.run(AbstractRemoteTestNG.java:132)
at org.testng.remote.RemoteTestNG.initAndRun(RemoteTestNG.java:236)
at org.testng.remote.RemoteTestNG.main(RemoteTestNG.java:81)
]]>
    </error>
  </testcase> <!-- launchChrome -->
  <testcase name="CreateStock" time="0.000" classname="com.cosacs.TestCases.ScanningCorpUPC">
    <skipped/>
  </testcase> <!-- CreateStock -->
  <testcase name="PurchaseOrder" time="0.000" classname="com.cosacs.TestCases.ScanningCorpUPC">
    <skipped/>
  </testcase> <!-- PurchaseOrder -->
</testsuite> <!-- com.cosacs.TestCases.ScanningCorpUPC -->
